{"D:\\P3\\Final Project\\coffeepedia-server\\services\\orders\\app.js": {"path":"D:\\P3\\Final Project\\coffeepedia-server\\services\\orders\\app.js","statementMap":{"0":{"start":{"line":2,"column":0},"end":{"line":4,"column":1}},"1":{"start":{"line":3,"column":2},"end":{"line":3,"column":29}},"2":{"start":{"line":8,"column":16},"end":{"line":8,"column":34}},"3":{"start":{"line":9,"column":13},"end":{"line":9,"column":28}},"4":{"start":{"line":10,"column":12},"end":{"line":10,"column":21}},"5":{"start":{"line":11,"column":21},"end":{"line":11,"column":58}},"6":{"start":{"line":12,"column":15},"end":{"line":12,"column":34}},"7":{"start":{"line":14,"column":0},"end":{"line":14,"column":48}},"8":{"start":{"line":15,"column":0},"end":{"line":15,"column":24}},"9":{"start":{"line":16,"column":0},"end":{"line":16,"column":16}},"10":{"start":{"line":18,"column":0},"end":{"line":18,"column":16}},"11":{"start":{"line":20,"column":0},"end":{"line":20,"column":22}},"12":{"start":{"line":22,"column":0},"end":{"line":22,"column":21}}},"fnMap":{},"branchMap":{"0":{"loc":{"start":{"line":2,"column":0},"end":{"line":4,"column":1}},"type":"if","locations":[{"start":{"line":2,"column":0},"end":{"line":4,"column":1}},{"start":{},"end":{}}],"line":2}},"s":{"0":7,"1":7,"2":7,"3":7,"4":7,"5":7,"6":7,"7":7,"8":7,"9":7,"10":7,"11":7,"12":7},"f":{},"b":{"0":[7,0]},"_coverageSchema":"1a1c01bbd47fc00a2c39e90264f33305004495a9","hash":"f8f7b67edd18ef56b73634ef0229605c023e3cf2"}
,"D:\\P3\\Final Project\\coffeepedia-server\\services\\orders\\controllers\\AuthController.js": {"path":"D:\\P3\\Final Project\\coffeepedia-server\\services\\orders\\controllers\\AuthController.js","statementMap":{"0":{"start":{"line":1,"column":28},"end":{"line":1,"column":56}},"1":{"start":{"line":2,"column":24},"end":{"line":2,"column":49}},"2":{"start":{"line":3,"column":17},"end":{"line":3,"column":43}},"3":{"start":{"line":6,"column":4},"end":{"line":20,"column":5}},"4":{"start":{"line":7,"column":66},"end":{"line":7,"column":74}},"5":{"start":{"line":8,"column":19},"end":{"line":15,"column":8}},"6":{"start":{"line":17,"column":6},"end":{"line":17,"column":33}},"7":{"start":{"line":19,"column":6},"end":{"line":19,"column":18}},"8":{"start":{"line":24,"column":4},"end":{"line":50,"column":5}},"9":{"start":{"line":25,"column":34},"end":{"line":25,"column":42}},"10":{"start":{"line":26,"column":24},"end":{"line":26,"column":64}},"11":{"start":{"line":27,"column":6},"end":{"line":29,"column":7}},"12":{"start":{"line":28,"column":8},"end":{"line":28,"column":35}},"13":{"start":{"line":31,"column":27},"end":{"line":31,"column":72}},"14":{"start":{"line":32,"column":6},"end":{"line":34,"column":7}},"15":{"start":{"line":33,"column":8},"end":{"line":33,"column":35}},"16":{"start":{"line":35,"column":22},"end":{"line":38,"column":7}},"17":{"start":{"line":40,"column":23},"end":{"line":40,"column":43}},"18":{"start":{"line":42,"column":6},"end":{"line":47,"column":9}},"19":{"start":{"line":49,"column":6},"end":{"line":49,"column":18}},"20":{"start":{"line":54,"column":0},"end":{"line":54,"column":32}}},"fnMap":{"0":{"name":"(anonymous_0)","decl":{"start":{"line":5,"column":2},"end":{"line":5,"column":3}},"loc":{"start":{"line":5,"column":40},"end":{"line":21,"column":3}},"line":5},"1":{"name":"(anonymous_1)","decl":{"start":{"line":23,"column":2},"end":{"line":23,"column":3}},"loc":{"start":{"line":23,"column":37},"end":{"line":51,"column":3}},"line":23}},"branchMap":{"0":{"loc":{"start":{"line":27,"column":6},"end":{"line":29,"column":7}},"type":"if","locations":[{"start":{"line":27,"column":6},"end":{"line":29,"column":7}},{"start":{},"end":{}}],"line":27},"1":{"loc":{"start":{"line":32,"column":6},"end":{"line":34,"column":7}},"type":"if","locations":[{"start":{"line":32,"column":6},"end":{"line":34,"column":7}},{"start":{},"end":{}}],"line":32}},"s":{"0":7,"1":7,"2":7,"3":2,"4":2,"5":2,"6":1,"7":1,"8":3,"9":3,"10":3,"11":3,"12":1,"13":2,"14":2,"15":1,"16":1,"17":1,"18":1,"19":2,"20":7},"f":{"0":2,"1":3},"b":{"0":[1,2],"1":[1,1]},"_coverageSchema":"1a1c01bbd47fc00a2c39e90264f33305004495a9","hash":"b3c86258d75715d0fbf1c8841ef0b3f2e74c059b"}
,"D:\\P3\\Final Project\\coffeepedia-server\\services\\orders\\controllers\\CategoryController.js": {"path":"D:\\P3\\Final Project\\coffeepedia-server\\services\\orders\\controllers\\CategoryController.js","statementMap":{"0":{"start":{"line":1,"column":21},"end":{"line":1,"column":41}},"1":{"start":{"line":5,"column":4},"end":{"line":12,"column":5}},"2":{"start":{"line":6,"column":19},"end":{"line":8,"column":8}},"3":{"start":{"line":9,"column":6},"end":{"line":9,"column":33}},"4":{"start":{"line":11,"column":6},"end":{"line":11,"column":18}},"5":{"start":{"line":16,"column":0},"end":{"line":16,"column":36}}},"fnMap":{"0":{"name":"(anonymous_0)","decl":{"start":{"line":4,"column":2},"end":{"line":4,"column":3}},"loc":{"start":{"line":4,"column":45},"end":{"line":13,"column":3}},"line":4}},"branchMap":{},"s":{"0":7,"1":1,"2":1,"3":1,"4":0,"5":7},"f":{"0":1},"b":{},"_coverageSchema":"1a1c01bbd47fc00a2c39e90264f33305004495a9","hash":"bf6d26c68fc2dbac3cf5dfaf63e79f44d7bc909b"}
,"D:\\P3\\Final Project\\coffeepedia-server\\services\\orders\\controllers\\ControllerOrder.js": {"path":"D:\\P3\\Final Project\\coffeepedia-server\\services\\orders\\controllers\\ControllerOrder.js","statementMap":{"0":{"start":{"line":3,"column":42},"end":{"line":3,"column":68}},"1":{"start":{"line":7,"column":14},"end":{"line":7,"column":43}},"2":{"start":{"line":8,"column":4},"end":{"line":56,"column":5}},"3":{"start":{"line":9,"column":21},"end":{"line":9,"column":31}},"4":{"start":{"line":10,"column":21},"end":{"line":10,"column":32}},"5":{"start":{"line":11,"column":22},"end":{"line":11,"column":25}},"6":{"start":{"line":12,"column":21},"end":{"line":21,"column":7}},"7":{"start":{"line":23,"column":17},"end":{"line":26,"column":7}},"8":{"start":{"line":28,"column":6},"end":{"line":44,"column":7}},"9":{"start":{"line":29,"column":21},"end":{"line":33,"column":9}},"10":{"start":{"line":35,"column":8},"end":{"line":35,"column":64}},"11":{"start":{"line":37,"column":8},"end":{"line":43,"column":9}},"12":{"start":{"line":38,"column":10},"end":{"line":38,"column":26}},"13":{"start":{"line":39,"column":10},"end":{"line":42,"column":12}},"14":{"start":{"line":46,"column":6},"end":{"line":46,"column":43}},"15":{"start":{"line":47,"column":6},"end":{"line":47,"column":43}},"16":{"start":{"line":49,"column":6},"end":{"line":49,"column":23}},"17":{"start":{"line":51,"column":6},"end":{"line":51,"column":39}},"18":{"start":{"line":53,"column":6},"end":{"line":53,"column":25}},"19":{"start":{"line":55,"column":6},"end":{"line":55,"column":16}},"20":{"start":{"line":60,"column":4},"end":{"line":76,"column":5}},"21":{"start":{"line":61,"column":21},"end":{"line":61,"column":31}},"22":{"start":{"line":63,"column":21},"end":{"line":67,"column":8}},"23":{"start":{"line":69,"column":6},"end":{"line":71,"column":7}},"24":{"start":{"line":70,"column":8},"end":{"line":70,"column":29}},"25":{"start":{"line":73,"column":6},"end":{"line":73,"column":72}},"26":{"start":{"line":75,"column":6},"end":{"line":75,"column":16}},"27":{"start":{"line":79,"column":4},"end":{"line":89,"column":5}},"28":{"start":{"line":80,"column":21},"end":{"line":85,"column":8}},"29":{"start":{"line":86,"column":6},"end":{"line":86,"column":35}},"30":{"start":{"line":88,"column":6},"end":{"line":88,"column":18}},"31":{"start":{"line":93,"column":4},"end":{"line":101,"column":5}},"32":{"start":{"line":94,"column":21},"end":{"line":94,"column":31}},"33":{"start":{"line":95,"column":20},"end":{"line":95,"column":71}},"34":{"start":{"line":96,"column":6},"end":{"line":96,"column":39}},"35":{"start":{"line":96,"column":18},"end":{"line":96,"column":39}},"36":{"start":{"line":98,"column":6},"end":{"line":98,"column":34}},"37":{"start":{"line":100,"column":6},"end":{"line":100,"column":18}},"38":{"start":{"line":105,"column":4},"end":{"line":120,"column":5}},"39":{"start":{"line":106,"column":21},"end":{"line":106,"column":31}},"40":{"start":{"line":107,"column":20},"end":{"line":107,"column":45}},"41":{"start":{"line":108,"column":6},"end":{"line":108,"column":39}},"42":{"start":{"line":108,"column":18},"end":{"line":108,"column":39}},"43":{"start":{"line":110,"column":25},"end":{"line":110,"column":33}},"44":{"start":{"line":111,"column":6},"end":{"line":116,"column":8}},"45":{"start":{"line":117,"column":6},"end":{"line":117,"column":77}},"46":{"start":{"line":119,"column":6},"end":{"line":119,"column":18}},"47":{"start":{"line":123,"column":0},"end":{"line":123,"column":33}}},"fnMap":{"0":{"name":"(anonymous_0)","decl":{"start":{"line":6,"column":2},"end":{"line":6,"column":3}},"loc":{"start":{"line":6,"column":35},"end":{"line":57,"column":3}},"line":6},"1":{"name":"(anonymous_1)","decl":{"start":{"line":59,"column":2},"end":{"line":59,"column":3}},"loc":{"start":{"line":59,"column":38},"end":{"line":77,"column":3}},"line":59},"2":{"name":"(anonymous_2)","decl":{"start":{"line":78,"column":2},"end":{"line":78,"column":3}},"loc":{"start":{"line":78,"column":38},"end":{"line":90,"column":3}},"line":78},"3":{"name":"(anonymous_3)","decl":{"start":{"line":92,"column":2},"end":{"line":92,"column":3}},"loc":{"start":{"line":92,"column":39},"end":{"line":102,"column":3}},"line":92},"4":{"name":"(anonymous_4)","decl":{"start":{"line":104,"column":2},"end":{"line":104,"column":3}},"loc":{"start":{"line":104,"column":44},"end":{"line":121,"column":3}},"line":104}},"branchMap":{"0":{"loc":{"start":{"line":28,"column":6},"end":{"line":44,"column":7}},"type":"if","locations":[{"start":{"line":28,"column":6},"end":{"line":44,"column":7}},{"start":{},"end":{}}],"line":28},"1":{"loc":{"start":{"line":37,"column":8},"end":{"line":43,"column":9}},"type":"if","locations":[{"start":{"line":37,"column":8},"end":{"line":43,"column":9}},{"start":{},"end":{}}],"line":37},"2":{"loc":{"start":{"line":69,"column":6},"end":{"line":71,"column":7}},"type":"if","locations":[{"start":{"line":69,"column":6},"end":{"line":71,"column":7}},{"start":{},"end":{}}],"line":69},"3":{"loc":{"start":{"line":96,"column":6},"end":{"line":96,"column":39}},"type":"if","locations":[{"start":{"line":96,"column":6},"end":{"line":96,"column":39}},{"start":{},"end":{}}],"line":96},"4":{"loc":{"start":{"line":108,"column":6},"end":{"line":108,"column":39}},"type":"if","locations":[{"start":{"line":108,"column":6},"end":{"line":108,"column":39}},{"start":{},"end":{}}],"line":108}},"s":{"0":7,"1":2,"2":2,"3":2,"4":2,"5":2,"6":2,"7":2,"8":2,"9":1,"10":1,"11":1,"12":1,"13":1,"14":2,"15":2,"16":2,"17":2,"18":0,"19":0,"20":2,"21":2,"22":2,"23":2,"24":1,"25":1,"26":1,"27":1,"28":1,"29":1,"30":0,"31":2,"32":2,"33":2,"34":2,"35":1,"36":1,"37":1,"38":2,"39":2,"40":2,"41":2,"42":1,"43":1,"44":1,"45":1,"46":1,"47":7},"f":{"0":2,"1":2,"2":1,"3":2,"4":2},"b":{"0":[1,1],"1":[1,0],"2":[1,1],"3":[1,1],"4":[1,1]},"_coverageSchema":"1a1c01bbd47fc00a2c39e90264f33305004495a9","hash":"04ca090ef9ccc93f3ba0f3f7d8a564f26b9ed0ff"}
,"D:\\P3\\Final Project\\coffeepedia-server\\services\\orders\\controllers\\ItemController.js": {"path":"D:\\P3\\Final Project\\coffeepedia-server\\services\\orders\\controllers\\ItemController.js","statementMap":{"0":{"start":{"line":1,"column":17},"end":{"line":1,"column":37}},"1":{"start":{"line":5,"column":4},"end":{"line":12,"column":5}},"2":{"start":{"line":6,"column":19},"end":{"line":8,"column":8}},"3":{"start":{"line":9,"column":6},"end":{"line":9,"column":33}},"4":{"start":{"line":11,"column":6},"end":{"line":11,"column":18}},"5":{"start":{"line":16,"column":19},"end":{"line":16,"column":29}},"6":{"start":{"line":17,"column":4},"end":{"line":31,"column":5}},"7":{"start":{"line":18,"column":19},"end":{"line":20,"column":8}},"8":{"start":{"line":21,"column":6},"end":{"line":28,"column":7}},"9":{"start":{"line":22,"column":8},"end":{"line":22,"column":29}},"10":{"start":{"line":24,"column":8},"end":{"line":27,"column":11}},"11":{"start":{"line":30,"column":6},"end":{"line":30,"column":18}},"12":{"start":{"line":35,"column":0},"end":{"line":35,"column":32}}},"fnMap":{"0":{"name":"(anonymous_0)","decl":{"start":{"line":4,"column":2},"end":{"line":4,"column":3}},"loc":{"start":{"line":4,"column":40},"end":{"line":13,"column":3}},"line":4},"1":{"name":"(anonymous_1)","decl":{"start":{"line":15,"column":2},"end":{"line":15,"column":3}},"loc":{"start":{"line":15,"column":43},"end":{"line":32,"column":3}},"line":15}},"branchMap":{"0":{"loc":{"start":{"line":21,"column":6},"end":{"line":28,"column":7}},"type":"if","locations":[{"start":{"line":21,"column":6},"end":{"line":28,"column":7}},{"start":{"line":23,"column":13},"end":{"line":28,"column":7}}],"line":21}},"s":{"0":7,"1":1,"2":1,"3":1,"4":0,"5":2,"6":2,"7":2,"8":2,"9":1,"10":1,"11":1,"12":7},"f":{"0":1,"1":2},"b":{"0":[1,1]},"_coverageSchema":"1a1c01bbd47fc00a2c39e90264f33305004495a9","hash":"1d5fb1dd6499688f9d9befbf989e6d1b356ded4c"}
,"D:\\P3\\Final Project\\coffeepedia-server\\services\\orders\\controllers\\PaymentController.js": {"path":"D:\\P3\\Final Project\\coffeepedia-server\\services\\orders\\controllers\\PaymentController.js","statementMap":{"0":{"start":{"line":1,"column":38},"end":{"line":1,"column":68}},"1":{"start":{"line":4,"column":4},"end":{"line":30,"column":5}},"2":{"start":{"line":5,"column":45},"end":{"line":5,"column":53}},"3":{"start":{"line":7,"column":22},"end":{"line":18,"column":7}},"4":{"start":{"line":20,"column":6},"end":{"line":20,"column":29}},"5":{"start":{"line":22,"column":21},"end":{"line":22,"column":60}},"6":{"start":{"line":24,"column":6},"end":{"line":27,"column":9}},"7":{"start":{"line":29,"column":6},"end":{"line":29,"column":18}},"8":{"start":{"line":34,"column":0},"end":{"line":34,"column":35}}},"fnMap":{"0":{"name":"(anonymous_0)","decl":{"start":{"line":3,"column":2},"end":{"line":3,"column":3}},"loc":{"start":{"line":3,"column":40},"end":{"line":31,"column":3}},"line":3}},"branchMap":{},"s":{"0":7,"1":2,"2":2,"3":2,"4":2,"5":2,"6":1,"7":1,"8":7},"f":{"0":2},"b":{},"_coverageSchema":"1a1c01bbd47fc00a2c39e90264f33305004495a9","hash":"ed1a4ac596304ceecb302d55985e739129f956f9"}
,"D:\\P3\\Final Project\\coffeepedia-server\\services\\orders\\controllers\\orderDetailController.js": {"path":"D:\\P3\\Final Project\\coffeepedia-server\\services\\orders\\controllers\\orderDetailController.js","statementMap":{"0":{"start":{"line":2,"column":24},"end":{"line":2,"column":50}},"1":{"start":{"line":3,"column":0},"end":{"line":100,"column":2}},"2":{"start":{"line":5,"column":4},"end":{"line":44,"column":5}},"3":{"start":{"line":6,"column":21},"end":{"line":6,"column":31}},"4":{"start":{"line":7,"column":59},"end":{"line":7,"column":67}},"5":{"start":{"line":9,"column":21},"end":{"line":14,"column":8}},"6":{"start":{"line":16,"column":6},"end":{"line":20,"column":7}},"7":{"start":{"line":17,"column":8},"end":{"line":19,"column":10}},"8":{"start":{"line":22,"column":6},"end":{"line":33,"column":7}},"9":{"start":{"line":23,"column":21},"end":{"line":30,"column":9}},"10":{"start":{"line":32,"column":8},"end":{"line":32,"column":50}},"11":{"start":{"line":35,"column":6},"end":{"line":35,"column":43}},"12":{"start":{"line":36,"column":6},"end":{"line":36,"column":43}},"13":{"start":{"line":38,"column":6},"end":{"line":41,"column":9}},"14":{"start":{"line":43,"column":6},"end":{"line":43,"column":16}},"15":{"start":{"line":47,"column":4},"end":{"line":58,"column":5}},"16":{"start":{"line":48,"column":21},"end":{"line":48,"column":31}},"17":{"start":{"line":49,"column":20},"end":{"line":49,"column":51}},"18":{"start":{"line":50,"column":6},"end":{"line":50,"column":39}},"19":{"start":{"line":50,"column":18},"end":{"line":50,"column":39}},"20":{"start":{"line":52,"column":6},"end":{"line":54,"column":9}},"21":{"start":{"line":55,"column":6},"end":{"line":55,"column":58}},"22":{"start":{"line":57,"column":6},"end":{"line":57,"column":18}},"23":{"start":{"line":62,"column":4},"end":{"line":98,"column":5}},"24":{"start":{"line":63,"column":21},"end":{"line":63,"column":31}},"25":{"start":{"line":64,"column":35},"end":{"line":64,"column":43}},"26":{"start":{"line":65,"column":20},"end":{"line":65,"column":51}},"27":{"start":{"line":66,"column":6},"end":{"line":66,"column":39}},"28":{"start":{"line":66,"column":18},"end":{"line":66,"column":39}},"29":{"start":{"line":67,"column":19},"end":{"line":67,"column":33}},"30":{"start":{"line":68,"column":6},"end":{"line":92,"column":7}},"31":{"start":{"line":69,"column":8},"end":{"line":74,"column":11}},"32":{"start":{"line":75,"column":8},"end":{"line":75,"column":20}},"33":{"start":{"line":76,"column":13},"end":{"line":92,"column":7}},"34":{"start":{"line":77,"column":8},"end":{"line":82,"column":11}},"35":{"start":{"line":83,"column":8},"end":{"line":83,"column":20}},"36":{"start":{"line":84,"column":13},"end":{"line":92,"column":7}},"37":{"start":{"line":85,"column":8},"end":{"line":90,"column":10}},"38":{"start":{"line":91,"column":8},"end":{"line":91,"column":26}},"39":{"start":{"line":93,"column":6},"end":{"line":95,"column":9}},"40":{"start":{"line":97,"column":6},"end":{"line":97,"column":18}}},"fnMap":{"0":{"name":"(anonymous_0)","decl":{"start":{"line":4,"column":2},"end":{"line":4,"column":3}},"loc":{"start":{"line":4,"column":35},"end":{"line":45,"column":3}},"line":4},"1":{"name":"(anonymous_1)","decl":{"start":{"line":46,"column":2},"end":{"line":46,"column":3}},"loc":{"start":{"line":46,"column":38},"end":{"line":59,"column":3}},"line":46},"2":{"name":"(anonymous_2)","decl":{"start":{"line":61,"column":2},"end":{"line":61,"column":3}},"loc":{"start":{"line":61,"column":41},"end":{"line":99,"column":3}},"line":61}},"branchMap":{"0":{"loc":{"start":{"line":16,"column":6},"end":{"line":20,"column":7}},"type":"if","locations":[{"start":{"line":16,"column":6},"end":{"line":20,"column":7}},{"start":{},"end":{}}],"line":16},"1":{"loc":{"start":{"line":22,"column":6},"end":{"line":33,"column":7}},"type":"if","locations":[{"start":{"line":22,"column":6},"end":{"line":33,"column":7}},{"start":{},"end":{}}],"line":22},"2":{"loc":{"start":{"line":50,"column":6},"end":{"line":50,"column":39}},"type":"if","locations":[{"start":{"line":50,"column":6},"end":{"line":50,"column":39}},{"start":{},"end":{}}],"line":50},"3":{"loc":{"start":{"line":66,"column":6},"end":{"line":66,"column":39}},"type":"if","locations":[{"start":{"line":66,"column":6},"end":{"line":66,"column":39}},{"start":{},"end":{}}],"line":66},"4":{"loc":{"start":{"line":68,"column":6},"end":{"line":92,"column":7}},"type":"if","locations":[{"start":{"line":68,"column":6},"end":{"line":92,"column":7}},{"start":{"line":76,"column":13},"end":{"line":92,"column":7}}],"line":68},"5":{"loc":{"start":{"line":76,"column":13},"end":{"line":92,"column":7}},"type":"if","locations":[{"start":{"line":76,"column":13},"end":{"line":92,"column":7}},{"start":{"line":84,"column":13},"end":{"line":92,"column":7}}],"line":76},"6":{"loc":{"start":{"line":84,"column":13},"end":{"line":92,"column":7}},"type":"if","locations":[{"start":{"line":84,"column":13},"end":{"line":92,"column":7}},{"start":{},"end":{}}],"line":84}},"s":{"0":7,"1":7,"2":3,"3":3,"4":3,"5":3,"6":2,"7":1,"8":1,"9":1,"10":1,"11":1,"12":1,"13":1,"14":2,"15":2,"16":2,"17":2,"18":2,"19":1,"20":1,"21":1,"22":1,"23":4,"24":4,"25":4,"26":4,"27":4,"28":1,"29":3,"30":3,"31":1,"32":1,"33":2,"34":1,"35":1,"36":1,"37":1,"38":1,"39":3,"40":1},"f":{"0":3,"1":2,"2":4},"b":{"0":[1,1],"1":[1,0],"2":[1,1],"3":[1,3],"4":[1,2],"5":[1,1],"6":[1,0]},"_coverageSchema":"1a1c01bbd47fc00a2c39e90264f33305004495a9","hash":"747c8dea96908cc3314d5f7d96faf4d3c4f60463"}
,"D:\\P3\\Final Project\\coffeepedia-server\\services\\orders\\helpers\\Midtrans.js": {"path":"D:\\P3\\Final Project\\coffeepedia-server\\services\\orders\\helpers\\Midtrans.js","statementMap":{"0":{"start":{"line":1,"column":23},"end":{"line":1,"column":49}},"1":{"start":{"line":3,"column":11},"end":{"line":7,"column":2}},"2":{"start":{"line":9,"column":26},"end":{"line":11,"column":1}},"3":{"start":{"line":10,"column":2},"end":{"line":10,"column":54}},"4":{"start":{"line":13,"column":0},"end":{"line":13,"column":47}}},"fnMap":{"0":{"name":"(anonymous_0)","decl":{"start":{"line":9,"column":26},"end":{"line":9,"column":27}},"loc":{"start":{"line":9,"column":32},"end":{"line":11,"column":1}},"line":9}},"branchMap":{},"s":{"0":7,"1":7,"2":7,"3":1,"4":7},"f":{"0":1},"b":{},"_coverageSchema":"1a1c01bbd47fc00a2c39e90264f33305004495a9","hash":"8de6a87470e76525f09a01540afdf7c36bd3f732"}
,"D:\\P3\\Final Project\\coffeepedia-server\\services\\orders\\helpers\\bcrypt.js": {"path":"D:\\P3\\Final Project\\coffeepedia-server\\services\\orders\\helpers\\bcrypt.js","statementMap":{"0":{"start":{"line":1,"column":15},"end":{"line":1,"column":34}},"1":{"start":{"line":4,"column":2},"end":{"line":4,"column":39}},"2":{"start":{"line":8,"column":2},"end":{"line":8,"column":52}},"3":{"start":{"line":11,"column":0},"end":{"line":11,"column":51}}},"fnMap":{"0":{"name":"hashPassword","decl":{"start":{"line":3,"column":9},"end":{"line":3,"column":21}},"loc":{"start":{"line":3,"column":32},"end":{"line":5,"column":1}},"line":3},"1":{"name":"comparePassword","decl":{"start":{"line":7,"column":9},"end":{"line":7,"column":24}},"loc":{"start":{"line":7,"column":49},"end":{"line":9,"column":1}},"line":7}},"branchMap":{},"s":{"0":7,"1":5,"2":2,"3":7},"f":{"0":5,"1":2},"b":{},"_coverageSchema":"1a1c01bbd47fc00a2c39e90264f33305004495a9","hash":"d86f7045f458cc118c71ef4ff55b700053936583"}
,"D:\\P3\\Final Project\\coffeepedia-server\\services\\orders\\helpers\\jwt.js": {"path":"D:\\P3\\Final Project\\coffeepedia-server\\services\\orders\\helpers\\jwt.js","statementMap":{"0":{"start":{"line":1,"column":12},"end":{"line":1,"column":35}},"1":{"start":{"line":4,"column":2},"end":{"line":4,"column":47}},"2":{"start":{"line":8,"column":2},"end":{"line":8,"column":47}},"3":{"start":{"line":11,"column":0},"end":{"line":11,"column":44}}},"fnMap":{"0":{"name":"createToken","decl":{"start":{"line":3,"column":9},"end":{"line":3,"column":20}},"loc":{"start":{"line":3,"column":30},"end":{"line":5,"column":1}},"line":3},"1":{"name":"readToken","decl":{"start":{"line":7,"column":9},"end":{"line":7,"column":18}},"loc":{"start":{"line":7,"column":26},"end":{"line":9,"column":1}},"line":7}},"branchMap":{},"s":{"0":7,"1":5,"2":22,"3":7},"f":{"0":5,"1":22},"b":{},"_coverageSchema":"1a1c01bbd47fc00a2c39e90264f33305004495a9","hash":"9bb3d2efda40c01de1fc9fe638d4dfc8d409e019"}
,"D:\\P3\\Final Project\\coffeepedia-server\\services\\orders\\middlewares\\auth.js": {"path":"D:\\P3\\Final Project\\coffeepedia-server\\services\\orders\\middlewares\\auth.js","statementMap":{"0":{"start":{"line":1,"column":22},"end":{"line":1,"column":47}},"1":{"start":{"line":2,"column":17},"end":{"line":2,"column":38}},"2":{"start":{"line":5,"column":2},"end":{"line":30,"column":3}},"3":{"start":{"line":6,"column":28},"end":{"line":6,"column":39}},"4":{"start":{"line":8,"column":20},"end":{"line":8,"column":42}},"5":{"start":{"line":10,"column":21},"end":{"line":15,"column":6}},"6":{"start":{"line":17,"column":4},"end":{"line":19,"column":5}},"7":{"start":{"line":18,"column":6},"end":{"line":18,"column":25}},"8":{"start":{"line":21,"column":4},"end":{"line":25,"column":6}},"9":{"start":{"line":26,"column":4},"end":{"line":26,"column":37}},"10":{"start":{"line":27,"column":4},"end":{"line":27,"column":11}},"11":{"start":{"line":29,"column":4},"end":{"line":29,"column":16}},"12":{"start":{"line":33,"column":0},"end":{"line":35,"column":2}}},"fnMap":{"0":{"name":"authentication","decl":{"start":{"line":4,"column":15},"end":{"line":4,"column":29}},"loc":{"start":{"line":4,"column":46},"end":{"line":31,"column":1}},"line":4}},"branchMap":{"0":{"loc":{"start":{"line":17,"column":4},"end":{"line":19,"column":5}},"type":"if","locations":[{"start":{"line":17,"column":4},"end":{"line":19,"column":5}},{"start":{},"end":{}}],"line":17}},"s":{"0":7,"1":7,"2":22,"3":22,"4":22,"5":20,"6":20,"7":0,"8":20,"9":20,"10":20,"11":2,"12":7},"f":{"0":22},"b":{"0":[0,20]},"_coverageSchema":"1a1c01bbd47fc00a2c39e90264f33305004495a9","hash":"d369690382e00e8d88097135651679e548ee69b0"}
,"D:\\P3\\Final Project\\coffeepedia-server\\services\\orders\\middlewares\\errorHandler.js": {"path":"D:\\P3\\Final Project\\coffeepedia-server\\services\\orders\\middlewares\\errorHandler.js","statementMap":{"0":{"start":{"line":2,"column":17},"end":{"line":2,"column":19}},"1":{"start":{"line":3,"column":2},"end":{"line":63,"column":3}},"2":{"start":{"line":4,"column":4},"end":{"line":6,"column":7}},"3":{"start":{"line":13,"column":7},"end":{"line":63,"column":3}},"4":{"start":{"line":19,"column":4},"end":{"line":21,"column":7}},"5":{"start":{"line":28,"column":7},"end":{"line":63,"column":3}},"6":{"start":{"line":29,"column":4},"end":{"line":31,"column":7}},"7":{"start":{"line":38,"column":7},"end":{"line":63,"column":3}},"8":{"start":{"line":39,"column":4},"end":{"line":41,"column":7}},"9":{"start":{"line":40,"column":6},"end":{"line":40,"column":32}},"10":{"start":{"line":42,"column":4},"end":{"line":44,"column":7}},"11":{"start":{"line":54,"column":7},"end":{"line":63,"column":3}},"12":{"start":{"line":55,"column":4},"end":{"line":58,"column":7}},"13":{"start":{"line":60,"column":4},"end":{"line":62,"column":7}},"14":{"start":{"line":66,"column":0},"end":{"line":66,"column":30}}},"fnMap":{"0":{"name":"errorHandler","decl":{"start":{"line":1,"column":9},"end":{"line":1,"column":21}},"loc":{"start":{"line":1,"column":45},"end":{"line":64,"column":1}},"line":1},"1":{"name":"(anonymous_1)","decl":{"start":{"line":39,"column":25},"end":{"line":39,"column":26}},"loc":{"start":{"line":39,"column":33},"end":{"line":41,"column":5}},"line":39}},"branchMap":{"0":{"loc":{"start":{"line":3,"column":2},"end":{"line":63,"column":3}},"type":"if","locations":[{"start":{"line":3,"column":2},"end":{"line":63,"column":3}},{"start":{"line":13,"column":7},"end":{"line":63,"column":3}}],"line":3},"1":{"loc":{"start":{"line":13,"column":7},"end":{"line":63,"column":3}},"type":"if","locations":[{"start":{"line":13,"column":7},"end":{"line":63,"column":3}},{"start":{"line":28,"column":7},"end":{"line":63,"column":3}}],"line":13},"2":{"loc":{"start":{"line":14,"column":4},"end":{"line":17,"column":44}},"type":"binary-expr","locations":[{"start":{"line":14,"column":4},"end":{"line":14,"column":26}},{"start":{"line":15,"column":4},"end":{"line":15,"column":41}},{"start":{"line":16,"column":4},"end":{"line":16,"column":37}},{"start":{"line":17,"column":4},"end":{"line":17,"column":44}}],"line":14},"3":{"loc":{"start":{"line":28,"column":7},"end":{"line":63,"column":3}},"type":"if","locations":[{"start":{"line":28,"column":7},"end":{"line":63,"column":3}},{"start":{"line":38,"column":7},"end":{"line":63,"column":3}}],"line":28},"4":{"loc":{"start":{"line":38,"column":7},"end":{"line":63,"column":3}},"type":"if","locations":[{"start":{"line":38,"column":7},"end":{"line":63,"column":3}},{"start":{"line":54,"column":7},"end":{"line":63,"column":3}}],"line":38},"5":{"loc":{"start":{"line":54,"column":7},"end":{"line":63,"column":3}},"type":"if","locations":[{"start":{"line":54,"column":7},"end":{"line":63,"column":3}},{"start":{"line":59,"column":9},"end":{"line":63,"column":3}}],"line":54}},"s":{"0":14,"1":14,"2":2,"3":12,"4":2,"5":10,"6":6,"7":4,"8":1,"9":2,"10":1,"11":3,"12":1,"13":2,"14":7},"f":{"0":14,"1":2},"b":{"0":[2,12],"1":[2,10],"2":[12,12,12,12],"3":[6,4],"4":[1,3],"5":[1,2]},"_coverageSchema":"1a1c01bbd47fc00a2c39e90264f33305004495a9","hash":"aa4237877785b5200734122565580966587a9ba6"}
,"D:\\P3\\Final Project\\coffeepedia-server\\services\\orders\\models\\category.js": {"path":"D:\\P3\\Final Project\\coffeepedia-server\\services\\orders\\models\\category.js","statementMap":{"0":{"start":{"line":2,"column":18},"end":{"line":2,"column":38}},"1":{"start":{"line":3,"column":0},"end":{"line":25,"column":2}},"2":{"start":{"line":12,"column":6},"end":{"line":12,"column":32}},"3":{"start":{"line":15,"column":2},"end":{"line":23,"column":4}},"4":{"start":{"line":24,"column":2},"end":{"line":24,"column":18}}},"fnMap":{"0":{"name":"(anonymous_0)","decl":{"start":{"line":3,"column":17},"end":{"line":3,"column":18}},"loc":{"start":{"line":3,"column":43},"end":{"line":25,"column":1}},"line":3},"1":{"name":"(anonymous_1)","decl":{"start":{"line":10,"column":4},"end":{"line":10,"column":5}},"loc":{"start":{"line":10,"column":29},"end":{"line":13,"column":5}},"line":10}},"branchMap":{},"s":{"0":7,"1":7,"2":7,"3":7,"4":7},"f":{"0":7,"1":7},"b":{},"_coverageSchema":"1a1c01bbd47fc00a2c39e90264f33305004495a9","hash":"488145fd1ddebf1dbcc75e37117603ecba25fe82"}
,"D:\\P3\\Final Project\\coffeepedia-server\\services\\orders\\models\\index.js": {"path":"D:\\P3\\Final Project\\coffeepedia-server\\services\\orders\\models\\index.js","statementMap":{"0":{"start":{"line":3,"column":11},"end":{"line":3,"column":24}},"1":{"start":{"line":4,"column":13},"end":{"line":4,"column":28}},"2":{"start":{"line":5,"column":18},"end":{"line":5,"column":38}},"3":{"start":{"line":6,"column":17},"end":{"line":6,"column":42}},"4":{"start":{"line":7,"column":12},"end":{"line":7,"column":49}},"5":{"start":{"line":8,"column":15},"end":{"line":8,"column":65}},"6":{"start":{"line":9,"column":11},"end":{"line":9,"column":13}},"7":{"start":{"line":12,"column":0},"end":{"line":16,"column":1}},"8":{"start":{"line":13,"column":2},"end":{"line":13,"column":74}},"9":{"start":{"line":15,"column":2},"end":{"line":15,"column":87}},"10":{"start":{"line":18,"column":0},"end":{"line":26,"column":5}},"11":{"start":{"line":21,"column":4},"end":{"line":21,"column":90}},"12":{"start":{"line":24,"column":18},"end":{"line":24,"column":85}},"13":{"start":{"line":25,"column":4},"end":{"line":25,"column":27}},"14":{"start":{"line":28,"column":0},"end":{"line":32,"column":3}},"15":{"start":{"line":29,"column":2},"end":{"line":31,"column":3}},"16":{"start":{"line":30,"column":4},"end":{"line":30,"column":32}},"17":{"start":{"line":34,"column":0},"end":{"line":34,"column":25}},"18":{"start":{"line":35,"column":0},"end":{"line":35,"column":25}},"19":{"start":{"line":37,"column":0},"end":{"line":37,"column":20}}},"fnMap":{"0":{"name":"(anonymous_0)","decl":{"start":{"line":20,"column":10},"end":{"line":20,"column":11}},"loc":{"start":{"line":20,"column":18},"end":{"line":22,"column":3}},"line":20},"1":{"name":"(anonymous_1)","decl":{"start":{"line":23,"column":11},"end":{"line":23,"column":12}},"loc":{"start":{"line":23,"column":19},"end":{"line":26,"column":3}},"line":23},"2":{"name":"(anonymous_2)","decl":{"start":{"line":28,"column":24},"end":{"line":28,"column":25}},"loc":{"start":{"line":28,"column":37},"end":{"line":32,"column":1}},"line":28}},"branchMap":{"0":{"loc":{"start":{"line":7,"column":12},"end":{"line":7,"column":49}},"type":"binary-expr","locations":[{"start":{"line":7,"column":12},"end":{"line":7,"column":32}},{"start":{"line":7,"column":36},"end":{"line":7,"column":49}}],"line":7},"1":{"loc":{"start":{"line":12,"column":0},"end":{"line":16,"column":1}},"type":"if","locations":[{"start":{"line":12,"column":0},"end":{"line":16,"column":1}},{"start":{"line":14,"column":7},"end":{"line":16,"column":1}}],"line":12},"2":{"loc":{"start":{"line":21,"column":11},"end":{"line":21,"column":89}},"type":"binary-expr","locations":[{"start":{"line":21,"column":12},"end":{"line":21,"column":35}},{"start":{"line":21,"column":41},"end":{"line":21,"column":58}},{"start":{"line":21,"column":64},"end":{"line":21,"column":88}}],"line":21},"3":{"loc":{"start":{"line":29,"column":2},"end":{"line":31,"column":3}},"type":"if","locations":[{"start":{"line":29,"column":2},"end":{"line":31,"column":3}},{"start":{},"end":{}}],"line":29}},"s":{"0":7,"1":7,"2":7,"3":7,"4":7,"5":7,"6":7,"7":7,"8":0,"9":7,"10":7,"11":42,"12":35,"13":35,"14":7,"15":35,"16":35,"17":7,"18":7,"19":7},"f":{"0":42,"1":35,"2":35},"b":{"0":[7,0],"1":[0,7],"2":[42,42,35],"3":[35,0]},"_coverageSchema":"1a1c01bbd47fc00a2c39e90264f33305004495a9","hash":"eaa3d95bc469f2a9e799ab77f7951e5163f6bf3c"}
,"D:\\P3\\Final Project\\coffeepedia-server\\services\\orders\\models\\item.js": {"path":"D:\\P3\\Final Project\\coffeepedia-server\\services\\orders\\models\\item.js","statementMap":{"0":{"start":{"line":2,"column":18},"end":{"line":2,"column":38}},"1":{"start":{"line":3,"column":0},"end":{"line":30,"column":2}},"2":{"start":{"line":12,"column":6},"end":{"line":12,"column":38}},"3":{"start":{"line":13,"column":6},"end":{"line":13,"column":39}},"4":{"start":{"line":16,"column":2},"end":{"line":28,"column":4}},"5":{"start":{"line":29,"column":2},"end":{"line":29,"column":14}}},"fnMap":{"0":{"name":"(anonymous_0)","decl":{"start":{"line":3,"column":17},"end":{"line":3,"column":18}},"loc":{"start":{"line":3,"column":43},"end":{"line":30,"column":1}},"line":3},"1":{"name":"(anonymous_1)","decl":{"start":{"line":10,"column":4},"end":{"line":10,"column":5}},"loc":{"start":{"line":10,"column":29},"end":{"line":14,"column":5}},"line":10}},"branchMap":{},"s":{"0":7,"1":7,"2":7,"3":7,"4":7,"5":7},"f":{"0":7,"1":7},"b":{},"_coverageSchema":"1a1c01bbd47fc00a2c39e90264f33305004495a9","hash":"8ef858ab0a2f6a54cf0e45275568a9dbc4cda60d"}
,"D:\\P3\\Final Project\\coffeepedia-server\\services\\orders\\models\\order.js": {"path":"D:\\P3\\Final Project\\coffeepedia-server\\services\\orders\\models\\order.js","statementMap":{"0":{"start":{"line":2,"column":18},"end":{"line":2,"column":38}},"1":{"start":{"line":3,"column":0},"end":{"line":28,"column":2}},"2":{"start":{"line":12,"column":6},"end":{"line":12,"column":39}},"3":{"start":{"line":13,"column":6},"end":{"line":13,"column":34}},"4":{"start":{"line":16,"column":2},"end":{"line":26,"column":4}},"5":{"start":{"line":27,"column":2},"end":{"line":27,"column":15}}},"fnMap":{"0":{"name":"(anonymous_0)","decl":{"start":{"line":3,"column":17},"end":{"line":3,"column":18}},"loc":{"start":{"line":3,"column":43},"end":{"line":28,"column":1}},"line":3},"1":{"name":"(anonymous_1)","decl":{"start":{"line":10,"column":4},"end":{"line":10,"column":5}},"loc":{"start":{"line":10,"column":29},"end":{"line":14,"column":5}},"line":10}},"branchMap":{},"s":{"0":7,"1":7,"2":7,"3":7,"4":7,"5":7},"f":{"0":7,"1":7},"b":{},"_coverageSchema":"1a1c01bbd47fc00a2c39e90264f33305004495a9","hash":"4a0482ee8437cb191eaf4f7e933654796d4df516"}
,"D:\\P3\\Final Project\\coffeepedia-server\\services\\orders\\models\\orderdetail.js": {"path":"D:\\P3\\Final Project\\coffeepedia-server\\services\\orders\\models\\orderdetail.js","statementMap":{"0":{"start":{"line":2,"column":18},"end":{"line":2,"column":38}},"1":{"start":{"line":3,"column":0},"end":{"line":31,"column":2}},"2":{"start":{"line":12,"column":6},"end":{"line":12,"column":34}},"3":{"start":{"line":13,"column":6},"end":{"line":13,"column":35}},"4":{"start":{"line":16,"column":2},"end":{"line":29,"column":4}},"5":{"start":{"line":30,"column":2},"end":{"line":30,"column":21}}},"fnMap":{"0":{"name":"(anonymous_0)","decl":{"start":{"line":3,"column":17},"end":{"line":3,"column":18}},"loc":{"start":{"line":3,"column":43},"end":{"line":31,"column":1}},"line":3},"1":{"name":"(anonymous_1)","decl":{"start":{"line":10,"column":4},"end":{"line":10,"column":5}},"loc":{"start":{"line":10,"column":29},"end":{"line":14,"column":5}},"line":10}},"branchMap":{},"s":{"0":7,"1":7,"2":7,"3":7,"4":7,"5":7},"f":{"0":7,"1":7},"b":{},"_coverageSchema":"1a1c01bbd47fc00a2c39e90264f33305004495a9","hash":"1af08a1e955ff8eaedd2cf0c33ae253313ffe4b4"}
,"D:\\P3\\Final Project\\coffeepedia-server\\services\\orders\\models\\user.js": {"path":"D:\\P3\\Final Project\\coffeepedia-server\\services\\orders\\models\\user.js","statementMap":{"0":{"start":{"line":2,"column":18},"end":{"line":2,"column":38}},"1":{"start":{"line":3,"column":25},"end":{"line":3,"column":53}},"2":{"start":{"line":4,"column":0},"end":{"line":69,"column":2}},"3":{"start":{"line":13,"column":6},"end":{"line":13,"column":33}},"4":{"start":{"line":16,"column":2},"end":{"line":63,"column":4}},"5":{"start":{"line":64,"column":2},"end":{"line":67,"column":5}},"6":{"start":{"line":65,"column":27},"end":{"line":65,"column":54}},"7":{"start":{"line":66,"column":4},"end":{"line":66,"column":35}},"8":{"start":{"line":68,"column":2},"end":{"line":68,"column":14}}},"fnMap":{"0":{"name":"(anonymous_0)","decl":{"start":{"line":4,"column":17},"end":{"line":4,"column":18}},"loc":{"start":{"line":4,"column":43},"end":{"line":69,"column":1}},"line":4},"1":{"name":"(anonymous_1)","decl":{"start":{"line":11,"column":4},"end":{"line":11,"column":5}},"loc":{"start":{"line":11,"column":29},"end":{"line":14,"column":5}},"line":11},"2":{"name":"(anonymous_2)","decl":{"start":{"line":64,"column":20},"end":{"line":64,"column":21}},"loc":{"start":{"line":64,"column":30},"end":{"line":67,"column":3}},"line":64}},"branchMap":{},"s":{"0":7,"1":7,"2":7,"3":7,"4":7,"5":7,"6":5,"7":5,"8":7},"f":{"0":7,"1":7,"2":5},"b":{},"_coverageSchema":"1a1c01bbd47fc00a2c39e90264f33305004495a9","hash":"2e86580a9025ccc4f41f0162ae86a3f237f513b6"}
,"D:\\P3\\Final Project\\coffeepedia-server\\services\\orders\\routes\\index.js": {"path":"D:\\P3\\Final Project\\coffeepedia-server\\services\\orders\\routes\\index.js","statementMap":{"0":{"start":{"line":2,"column":15},"end":{"line":2,"column":42}},"1":{"start":{"line":3,"column":19},"end":{"line":3,"column":41}},"2":{"start":{"line":4,"column":19},"end":{"line":4,"column":41}},"3":{"start":{"line":5,"column":20},"end":{"line":5,"column":39}},"4":{"start":{"line":6,"column":26},"end":{"line":6,"column":51}},"5":{"start":{"line":7,"column":22},"end":{"line":7,"column":42}},"6":{"start":{"line":8,"column":23},"end":{"line":8,"column":49}},"7":{"start":{"line":10,"column":0},"end":{"line":10,"column":28}},"8":{"start":{"line":11,"column":0},"end":{"line":11,"column":33}},"9":{"start":{"line":12,"column":0},"end":{"line":12,"column":35}},"10":{"start":{"line":13,"column":0},"end":{"line":13,"column":47}},"11":{"start":{"line":14,"column":0},"end":{"line":14,"column":39}},"12":{"start":{"line":15,"column":0},"end":{"line":15,"column":42}},"13":{"start":{"line":17,"column":0},"end":{"line":17,"column":24}}},"fnMap":{},"branchMap":{},"s":{"0":7,"1":7,"2":7,"3":7,"4":7,"5":7,"6":7,"7":7,"8":7,"9":7,"10":7,"11":7,"12":7,"13":7},"f":{},"b":{},"_coverageSchema":"1a1c01bbd47fc00a2c39e90264f33305004495a9","hash":"40e1e4e8ab5ceee367bfebc53a0d7c251f664dd6"}
,"D:\\P3\\Final Project\\coffeepedia-server\\services\\orders\\routes\\orderDetails.js": {"path":"D:\\P3\\Final Project\\coffeepedia-server\\services\\orders\\routes\\orderDetails.js","statementMap":{"0":{"start":{"line":2,"column":15},"end":{"line":2,"column":42}},"1":{"start":{"line":3,"column":20},"end":{"line":3,"column":67}},"2":{"start":{"line":5,"column":27},"end":{"line":5,"column":57}},"3":{"start":{"line":7,"column":0},"end":{"line":7,"column":27}},"4":{"start":{"line":9,"column":0},"end":{"line":9,"column":37}},"5":{"start":{"line":10,"column":0},"end":{"line":10,"column":44}},"6":{"start":{"line":11,"column":0},"end":{"line":11,"column":42}},"7":{"start":{"line":13,"column":0},"end":{"line":13,"column":24}}},"fnMap":{},"branchMap":{},"s":{"0":7,"1":7,"2":7,"3":7,"4":7,"5":7,"6":7,"7":7},"f":{},"b":{},"_coverageSchema":"1a1c01bbd47fc00a2c39e90264f33305004495a9","hash":"ec7b87988d3609ff2454be56f9e7272cbe5a08bc"}
,"D:\\P3\\Final Project\\coffeepedia-server\\services\\orders\\routes\\orders.js": {"path":"D:\\P3\\Final Project\\coffeepedia-server\\services\\orders\\routes\\orders.js","statementMap":{"0":{"start":{"line":2,"column":15},"end":{"line":2,"column":42}},"1":{"start":{"line":3,"column":12},"end":{"line":3,"column":29}},"2":{"start":{"line":4,"column":14},"end":{"line":4,"column":55}},"3":{"start":{"line":5,"column":27},"end":{"line":5,"column":57}},"4":{"start":{"line":7,"column":0},"end":{"line":7,"column":27}},"5":{"start":{"line":9,"column":0},"end":{"line":9,"column":30}},"6":{"start":{"line":10,"column":0},"end":{"line":10,"column":34}},"7":{"start":{"line":11,"column":0},"end":{"line":11,"column":31}},"8":{"start":{"line":12,"column":0},"end":{"line":12,"column":41}},"9":{"start":{"line":13,"column":0},"end":{"line":13,"column":36}},"10":{"start":{"line":15,"column":0},"end":{"line":15,"column":24}}},"fnMap":{},"branchMap":{},"s":{"0":7,"1":7,"2":7,"3":7,"4":7,"5":7,"6":7,"7":7,"8":7,"9":7,"10":7},"f":{},"b":{},"_coverageSchema":"1a1c01bbd47fc00a2c39e90264f33305004495a9","hash":"4a6e39d517d700d6329ae41c93c3af14c0e6197d"}
,"D:\\P3\\Final Project\\coffeepedia-server\\services\\orders\\routes\\payment.js": {"path":"D:\\P3\\Final Project\\coffeepedia-server\\services\\orders\\routes\\payment.js","statementMap":{"0":{"start":{"line":1,"column":16},"end":{"line":1,"column":34}},"1":{"start":{"line":2,"column":26},"end":{"line":2,"column":69}},"2":{"start":{"line":3,"column":27},"end":{"line":3,"column":57}},"3":{"start":{"line":4,"column":15},"end":{"line":4,"column":31}},"4":{"start":{"line":6,"column":0},"end":{"line":6,"column":27}},"5":{"start":{"line":8,"column":0},"end":{"line":8,"column":45}},"6":{"start":{"line":10,"column":0},"end":{"line":10,"column":24}}},"fnMap":{},"branchMap":{},"s":{"0":7,"1":7,"2":7,"3":7,"4":7,"5":7,"6":7},"f":{},"b":{},"_coverageSchema":"1a1c01bbd47fc00a2c39e90264f33305004495a9","hash":"ce44f89258bf800fbb45b9a50dc44005802026ae"}
,"D:\\P3\\Final Project\\coffeepedia-server\\services\\orders\\routes\\routeCategory.js": {"path":"D:\\P3\\Final Project\\coffeepedia-server\\services\\orders\\routes\\routeCategory.js","statementMap":{"0":{"start":{"line":1,"column":16},"end":{"line":1,"column":34}},"1":{"start":{"line":2,"column":27},"end":{"line":2,"column":71}},"2":{"start":{"line":3,"column":15},"end":{"line":3,"column":31}},"3":{"start":{"line":6,"column":0},"end":{"line":6,"column":50}},"4":{"start":{"line":8,"column":0},"end":{"line":8,"column":24}}},"fnMap":{},"branchMap":{},"s":{"0":7,"1":7,"2":7,"3":7,"4":7},"f":{},"b":{},"_coverageSchema":"1a1c01bbd47fc00a2c39e90264f33305004495a9","hash":"ee02db66722d615e44200186d931e9a81ec8c4bd"}
,"D:\\P3\\Final Project\\coffeepedia-server\\services\\orders\\routes\\routeItem.js": {"path":"D:\\P3\\Final Project\\coffeepedia-server\\services\\orders\\routes\\routeItem.js","statementMap":{"0":{"start":{"line":1,"column":16},"end":{"line":1,"column":34}},"1":{"start":{"line":2,"column":23},"end":{"line":2,"column":63}},"2":{"start":{"line":3,"column":15},"end":{"line":3,"column":31}},"3":{"start":{"line":6,"column":0},"end":{"line":6,"column":41}},"4":{"start":{"line":9,"column":0},"end":{"line":9,"column":47}},"5":{"start":{"line":11,"column":0},"end":{"line":11,"column":24}}},"fnMap":{},"branchMap":{},"s":{"0":7,"1":7,"2":7,"3":7,"4":7,"5":7},"f":{},"b":{},"_coverageSchema":"1a1c01bbd47fc00a2c39e90264f33305004495a9","hash":"6db75226516c93db863d2d051c7222b6c49bc753"}
,"D:\\P3\\Final Project\\coffeepedia-server\\services\\orders\\routes\\routeUser.js": {"path":"D:\\P3\\Final Project\\coffeepedia-server\\services\\orders\\routes\\routeUser.js","statementMap":{"0":{"start":{"line":2,"column":15},"end":{"line":2,"column":42}},"1":{"start":{"line":3,"column":23},"end":{"line":3,"column":66}},"2":{"start":{"line":5,"column":0},"end":{"line":5,"column":50}},"3":{"start":{"line":7,"column":0},"end":{"line":7,"column":44}},"4":{"start":{"line":9,"column":0},"end":{"line":9,"column":24}}},"fnMap":{},"branchMap":{},"s":{"0":7,"1":7,"2":7,"3":7,"4":7},"f":{},"b":{},"_coverageSchema":"1a1c01bbd47fc00a2c39e90264f33305004495a9","hash":"2f05297cf6c33d004b117c97c91948847f7aa98d"}
}
