TN:
SF:app.js
FNF:0
FNH:0
DA:2,7
DA:3,7
DA:8,7
DA:9,7
DA:10,7
DA:11,7
DA:12,7
DA:14,7
DA:15,7
DA:16,7
DA:18,7
DA:20,7
DA:22,7
LF:13
LH:13
BRDA:2,0,0,7
BRDA:2,0,1,0
BRF:2
BRH:1
end_of_record
TN:
SF:controllers\AuthController.js
FN:5,(anonymous_0)
FN:23,(anonymous_1)
FNF:2
FNH:2
FNDA:2,(anonymous_0)
FNDA:3,(anonymous_1)
DA:1,7
DA:2,7
DA:3,7
DA:6,2
DA:7,2
DA:8,2
DA:17,1
DA:19,1
DA:24,3
DA:25,3
DA:26,3
DA:27,3
DA:28,1
DA:31,2
DA:32,2
DA:33,1
DA:35,1
DA:40,1
DA:42,1
DA:50,2
DA:55,7
LF:21
LH:21
BRDA:27,0,0,1
BRDA:27,0,1,2
BRDA:32,1,0,1
BRDA:32,1,1,1
BRF:4
BRH:4
end_of_record
TN:
SF:controllers\CategoryController.js
FN:4,(anonymous_0)
FNF:1
FNH:1
FNDA:2,(anonymous_0)
DA:1,7
DA:5,2
DA:6,2
DA:9,2
DA:11,0
DA:16,7
LF:6
LH:5
BRF:0
BRH:0
end_of_record
TN:
SF:controllers\ControllerOrder.js
FN:6,(anonymous_0)
FN:56,(anonymous_1)
FN:75,(anonymous_2)
FN:89,(anonymous_3)
FN:101,(anonymous_4)
FNF:5
FNH:5
FNDA:2,(anonymous_0)
FNDA:2,(anonymous_1)
FNDA:1,(anonymous_2)
FNDA:2,(anonymous_3)
FNDA:2,(anonymous_4)
DA:3,7
DA:7,2
DA:8,2
DA:9,2
DA:10,2
DA:11,2
DA:12,2
DA:23,2
DA:28,2
DA:29,1
DA:35,1
DA:37,1
DA:38,1
DA:39,1
DA:46,2
DA:48,2
DA:50,0
DA:52,0
DA:57,2
DA:58,2
DA:60,2
DA:66,2
DA:67,1
DA:70,1
DA:72,1
DA:76,1
DA:77,1
DA:83,1
DA:85,0
DA:90,2
DA:91,2
DA:92,2
DA:93,2
DA:95,1
DA:97,1
DA:102,2
DA:103,2
DA:104,2
DA:105,2
DA:107,1
DA:108,1
DA:114,1
DA:116,1
DA:120,7
LF:44
LH:41
BRDA:28,0,0,1
BRDA:28,0,1,1
BRDA:37,1,0,1
BRDA:37,1,1,0
BRDA:66,2,0,1
BRDA:66,2,1,1
BRDA:93,3,0,1
BRDA:93,3,1,1
BRDA:105,4,0,1
BRDA:105,4,1,1
BRF:10
BRH:9
end_of_record
TN:
SF:controllers\ItemController.js
FN:4,(anonymous_0)
FN:15,(anonymous_1)
FNF:2
FNH:2
FNDA:1,(anonymous_0)
FNDA:2,(anonymous_1)
DA:1,7
DA:5,1
DA:6,1
DA:9,1
DA:11,0
DA:16,2
DA:17,2
DA:18,2
DA:21,2
DA:22,1
DA:24,1
DA:30,1
DA:35,7
LF:13
LH:12
BRDA:21,0,0,1
BRDA:21,0,1,1
BRF:2
BRH:2
end_of_record
TN:
SF:controllers\PaymentController.js
FN:3,(anonymous_0)
FNF:1
FNH:1
FNDA:2,(anonymous_0)
DA:1,7
DA:4,2
DA:5,2
DA:7,2
DA:21,2
DA:23,1
DA:28,1
DA:33,7
LF:8
LH:8
BRF:0
BRH:0
end_of_record
TN:
SF:controllers\orderDetailController.js
FN:4,(anonymous_0)
FN:46,(anonymous_1)
FN:61,(anonymous_2)
FNF:3
FNH:3
FNDA:3,(anonymous_0)
FNDA:2,(anonymous_1)
FNDA:4,(anonymous_2)
DA:2,7
DA:3,7
DA:5,3
DA:6,3
DA:7,3
DA:9,3
DA:16,2
DA:17,1
DA:22,1
DA:23,1
DA:32,1
DA:35,1
DA:36,1
DA:38,1
DA:43,2
DA:47,2
DA:48,2
DA:49,2
DA:50,2
DA:52,1
DA:55,1
DA:57,1
DA:62,4
DA:63,4
DA:64,4
DA:65,4
DA:66,4
DA:67,3
DA:68,3
DA:69,1
DA:75,1
DA:76,2
DA:77,1
DA:83,1
DA:84,1
DA:85,1
DA:91,1
DA:93,3
DA:97,1
LF:39
LH:39
BRDA:16,0,0,1
BRDA:16,0,1,1
BRDA:22,1,0,1
BRDA:22,1,1,0
BRDA:50,2,0,1
BRDA:50,2,1,1
BRDA:66,3,0,1
BRDA:66,3,1,3
BRDA:68,4,0,1
BRDA:68,4,1,2
BRDA:76,5,0,1
BRDA:76,5,1,1
BRDA:84,6,0,1
BRDA:84,6,1,0
BRF:14
BRH:12
end_of_record
TN:
SF:helpers\Midtrans.js
FN:9,(anonymous_0)
FNF:1
FNH:1
FNDA:1,(anonymous_0)
DA:1,7
DA:3,7
DA:9,7
DA:10,1
DA:13,7
LF:5
LH:5
BRF:0
BRH:0
end_of_record
TN:
SF:helpers\bcrypt.js
FN:3,hashPassword
FN:7,comparePassword
FNF:2
FNH:2
FNDA:5,hashPassword
FNDA:2,comparePassword
DA:1,7
DA:4,5
DA:8,2
DA:11,7
LF:4
LH:4
BRF:0
BRH:0
end_of_record
TN:
SF:helpers\jwt.js
FN:3,createToken
FN:7,readToken
FNF:2
FNH:2
FNDA:5,createToken
FNDA:22,readToken
DA:1,7
DA:4,5
DA:8,22
DA:11,7
LF:4
LH:4
BRF:0
BRH:0
end_of_record
TN:
SF:middlewares\auth.js
FN:4,authentication
FNF:1
FNH:1
FNDA:22,authentication
DA:1,7
DA:2,7
DA:5,22
DA:6,22
DA:8,22
DA:10,20
DA:17,20
DA:18,0
DA:21,20
DA:26,20
DA:28,2
DA:32,7
LF:12
LH:11
BRDA:17,0,0,0
BRDA:17,0,1,20
BRF:2
BRH:1
end_of_record
TN:
SF:middlewares\errorHandler.js
FN:1,errorHandler
FN:39,(anonymous_1)
FNF:2
FNH:2
FNDA:14,errorHandler
FNDA:2,(anonymous_1)
DA:2,14
DA:3,14
DA:4,2
DA:13,12
DA:19,2
DA:28,10
DA:29,6
DA:38,4
DA:39,1
DA:40,2
DA:42,1
DA:54,3
DA:55,1
DA:60,2
DA:66,7
LF:15
LH:15
BRDA:3,0,0,2
BRDA:3,0,1,12
BRDA:13,1,0,2
BRDA:13,1,1,10
BRDA:14,2,0,12
BRDA:14,2,1,12
BRDA:14,2,2,12
BRDA:14,2,3,12
BRDA:28,3,0,6
BRDA:28,3,1,4
BRDA:38,4,0,1
BRDA:38,4,1,3
BRDA:54,5,0,1
BRDA:54,5,1,2
BRF:14
BRH:14
end_of_record
TN:
SF:models\category.js
FN:3,(anonymous_0)
FN:10,(anonymous_1)
FNF:2
FNH:2
FNDA:7,(anonymous_0)
FNDA:7,(anonymous_1)
DA:2,7
DA:3,7
DA:12,7
DA:15,7
DA:24,7
LF:5
LH:5
BRF:0
BRH:0
end_of_record
TN:
SF:models\index.js
FN:20,(anonymous_0)
FN:23,(anonymous_1)
FN:28,(anonymous_2)
FNF:3
FNH:3
FNDA:42,(anonymous_0)
FNDA:35,(anonymous_1)
FNDA:35,(anonymous_2)
DA:3,7
DA:4,7
DA:5,7
DA:6,7
DA:7,7
DA:8,7
DA:9,7
DA:12,7
DA:13,0
DA:15,7
DA:18,7
DA:21,42
DA:24,35
DA:25,35
DA:28,7
DA:29,35
DA:30,35
DA:34,7
DA:35,7
DA:37,7
LF:20
LH:19
BRDA:7,0,0,7
BRDA:7,0,1,0
BRDA:12,1,0,0
BRDA:12,1,1,7
BRDA:21,2,0,42
BRDA:21,2,1,42
BRDA:21,2,2,35
BRDA:29,3,0,35
BRDA:29,3,1,0
BRF:9
BRH:6
end_of_record
TN:
SF:models\item.js
FN:3,(anonymous_0)
FN:10,(anonymous_1)
FNF:2
FNH:2
FNDA:7,(anonymous_0)
FNDA:7,(anonymous_1)
DA:2,7
DA:3,7
DA:12,7
DA:13,7
DA:16,7
DA:29,7
LF:6
LH:6
BRF:0
BRH:0
end_of_record
TN:
SF:models\order.js
FN:3,(anonymous_0)
FN:10,(anonymous_1)
FNF:2
FNH:2
FNDA:7,(anonymous_0)
FNDA:7,(anonymous_1)
DA:2,7
DA:3,7
DA:12,7
DA:13,7
DA:16,7
DA:27,7
LF:6
LH:6
BRF:0
BRH:0
end_of_record
TN:
SF:models\orderdetail.js
FN:3,(anonymous_0)
FN:10,(anonymous_1)
FNF:2
FNH:2
FNDA:7,(anonymous_0)
FNDA:7,(anonymous_1)
DA:2,7
DA:3,7
DA:12,7
DA:13,7
DA:16,7
DA:30,7
LF:6
LH:6
BRF:0
BRH:0
end_of_record
TN:
SF:models\user.js
FN:4,(anonymous_0)
FN:11,(anonymous_1)
FN:64,(anonymous_2)
FNF:3
FNH:3
FNDA:7,(anonymous_0)
FNDA:7,(anonymous_1)
FNDA:5,(anonymous_2)
DA:2,7
DA:3,7
DA:4,7
DA:13,7
DA:16,7
DA:64,7
DA:65,5
DA:66,5
DA:68,7
LF:9
LH:9
BRF:0
BRH:0
end_of_record
TN:
SF:routes\index.js
FNF:0
FNH:0
DA:2,7
DA:3,7
DA:4,7
DA:5,7
DA:6,7
DA:7,7
DA:8,7
DA:10,7
DA:11,7
DA:12,7
DA:13,7
DA:14,7
DA:15,7
DA:17,7
LF:14
LH:14
BRF:0
BRH:0
end_of_record
TN:
SF:routes\orderDetails.js
FNF:0
FNH:0
DA:2,7
DA:3,7
DA:5,7
DA:7,7
DA:9,7
DA:10,7
DA:11,7
DA:13,7
LF:8
LH:8
BRF:0
BRH:0
end_of_record
TN:
SF:routes\orders.js
FNF:0
FNH:0
DA:2,7
DA:3,7
DA:4,7
DA:5,7
DA:7,7
DA:9,7
DA:10,7
DA:11,7
DA:12,7
DA:13,7
DA:15,7
LF:11
LH:11
BRF:0
BRH:0
end_of_record
TN:
SF:routes\payment.js
FNF:0
FNH:0
DA:1,7
DA:2,7
DA:3,7
DA:4,7
DA:6,7
DA:8,7
DA:10,7
LF:7
LH:7
BRF:0
BRH:0
end_of_record
TN:
SF:routes\routeCategory.js
FNF:0
FNH:0
DA:1,7
DA:2,7
DA:3,7
DA:6,7
DA:8,7
LF:5
LH:5
BRF:0
BRH:0
end_of_record
TN:
SF:routes\routeItem.js
FNF:0
FNH:0
DA:1,7
DA:2,7
DA:3,7
DA:6,7
DA:9,7
DA:11,7
LF:6
LH:6
BRF:0
BRH:0
end_of_record
TN:
SF:routes\routeUser.js
FNF:0
FNH:0
DA:2,7
DA:3,7
DA:5,7
DA:7,7
DA:9,7
LF:5
LH:5
BRF:0
BRH:0
end_of_record
