TN:
SF:app.js
FNF:0
FNH:0
DA:6,5
DA:8,5
DA:9,5
DA:10,5
DA:11,5
DA:12,5
DA:14,5
DA:15,5
DA:16,5
DA:18,5
DA:20,5
DA:22,5
LF:12
LH:12
BRF:0
BRH:0
end_of_record
TN:
SF:controllers\AuthController.js
FN:5,(anonymous_0)
FN:23,(anonymous_1)
FNF:2
FNH:2
FNDA:2,(anonymous_0)
FNDA:3,(anonymous_1)
DA:1,5
DA:2,5
DA:3,5
DA:6,2
DA:7,2
DA:8,2
DA:17,1
DA:19,1
DA:24,3
DA:25,3
DA:26,3
DA:27,3
DA:28,1
DA:31,2
DA:32,2
DA:33,1
DA:35,1
DA:40,1
DA:42,1
DA:50,2
DA:55,5
LF:21
LH:21
BRDA:27,0,0,1
BRDA:27,0,1,2
BRDA:32,1,0,1
BRDA:32,1,1,1
BRF:4
BRH:4
end_of_record
TN:
SF:controllers\ControllerOrder.js
FN:6,(anonymous_0)
FN:59,(anonymous_1)
FN:78,(anonymous_2)
FN:92,(anonymous_3)
FN:104,(anonymous_4)
FNF:5
FNH:5
FNDA:2,(anonymous_0)
FNDA:2,(anonymous_1)
FNDA:1,(anonymous_2)
FNDA:2,(anonymous_3)
FNDA:2,(anonymous_4)
DA:3,5
DA:7,2
DA:8,2
DA:9,2
DA:10,2
DA:11,2
DA:12,2
DA:23,2
DA:28,2
DA:29,1
DA:35,1
DA:37,1
DA:38,1
DA:39,1
DA:46,2
DA:47,2
DA:49,2
DA:51,2
DA:53,0
DA:55,0
DA:60,2
DA:61,2
DA:63,2
DA:69,2
DA:70,1
DA:73,1
DA:75,1
DA:79,1
DA:80,1
DA:86,1
DA:88,0
DA:93,2
DA:94,2
DA:95,2
DA:96,2
DA:98,1
DA:100,1
DA:105,2
DA:106,2
DA:107,2
DA:108,2
DA:110,1
DA:111,1
DA:117,1
DA:119,1
DA:123,5
LF:46
LH:43
BRDA:28,0,0,1
BRDA:28,0,1,1
BRDA:37,1,0,1
BRDA:37,1,1,0
BRDA:69,2,0,1
BRDA:69,2,1,1
BRDA:96,3,0,1
BRDA:96,3,1,1
BRDA:108,4,0,1
BRDA:108,4,1,1
BRF:10
BRH:9
end_of_record
TN:
SF:controllers\ItemController.js
FN:4,(anonymous_0)
FN:15,(anonymous_1)
FNF:2
FNH:2
FNDA:1,(anonymous_0)
FNDA:2,(anonymous_1)
DA:1,5
DA:5,1
DA:6,1
DA:9,1
DA:11,0
DA:16,2
DA:17,2
DA:18,2
DA:21,2
DA:22,1
DA:24,1
DA:30,1
DA:35,5
LF:13
LH:12
BRDA:21,0,0,1
BRDA:21,0,1,1
BRF:2
BRH:2
end_of_record
TN:
SF:controllers\orderDetailController.js
FN:4,(anonymous_0)
FN:46,(anonymous_1)
FN:61,(anonymous_2)
FNF:3
FNH:3
FNDA:3,(anonymous_0)
FNDA:2,(anonymous_1)
FNDA:4,(anonymous_2)
DA:2,5
DA:3,5
DA:5,3
DA:6,3
DA:7,3
DA:9,3
DA:16,2
DA:17,1
DA:22,1
DA:23,1
DA:32,1
DA:35,1
DA:36,1
DA:38,1
DA:43,2
DA:47,2
DA:48,2
DA:49,2
DA:50,2
DA:52,1
DA:55,1
DA:57,1
DA:62,4
DA:63,4
DA:64,4
DA:65,4
DA:66,4
DA:67,3
DA:68,3
DA:69,1
DA:75,1
DA:76,2
DA:77,1
DA:83,1
DA:84,1
DA:85,1
DA:91,1
DA:93,3
DA:97,1
LF:39
LH:39
BRDA:16,0,0,1
BRDA:16,0,1,1
BRDA:22,1,0,1
BRDA:22,1,1,0
BRDA:50,2,0,1
BRDA:50,2,1,1
BRDA:66,3,0,1
BRDA:66,3,1,3
BRDA:68,4,0,1
BRDA:68,4,1,2
BRDA:76,5,0,1
BRDA:76,5,1,1
BRDA:84,6,0,1
BRDA:84,6,1,0
BRF:14
BRH:12
end_of_record
TN:
SF:helpers\bcrypt.js
FN:3,hashPassword
FN:7,comparePassword
FNF:2
FNH:2
FNDA:5,hashPassword
FNDA:2,comparePassword
DA:1,5
DA:4,5
DA:8,2
DA:11,5
LF:4
LH:4
BRF:0
BRH:0
end_of_record
TN:
SF:helpers\jwt.js
FN:3,createToken
FN:7,readToken
FNF:2
FNH:2
FNDA:5,createToken
FNDA:11,readToken
DA:1,5
DA:4,5
DA:8,11
DA:11,5
LF:4
LH:4
BRF:0
BRH:0
end_of_record
TN:
SF:middlewares\auth.js
FN:4,authentication
FN:31,authorization
FNF:2
FNH:1
FNDA:11,authentication
FNDA:0,authorization
DA:1,5
DA:2,5
DA:5,11
DA:6,11
DA:8,11
DA:10,9
DA:16,9
DA:17,0
DA:20,9
DA:25,9
DA:27,2
DA:52,5
LF:12
LH:11
BRDA:16,0,0,0
BRDA:16,0,1,9
BRF:2
BRH:1
end_of_record
TN:
SF:middlewares\errorHandler.js
FN:1,errorHandler
FN:39,(anonymous_1)
FN:46,(anonymous_2)
FNF:3
FNH:2
FNDA:13,errorHandler
FNDA:2,(anonymous_1)
FNDA:0,(anonymous_2)
DA:2,13
DA:3,13
DA:4,2
DA:13,11
DA:19,2
DA:28,9
DA:29,6
DA:38,3
DA:39,1
DA:40,2
DA:42,1
DA:45,2
DA:46,0
DA:47,0
DA:49,0
DA:52,2
DA:53,1
DA:58,1
DA:64,5
LF:19
LH:16
BRDA:3,0,0,2
BRDA:3,0,1,11
BRDA:13,1,0,2
BRDA:13,1,1,9
BRDA:14,2,0,11
BRDA:14,2,1,11
BRDA:14,2,2,11
BRDA:14,2,3,11
BRDA:28,3,0,6
BRDA:28,3,1,3
BRDA:38,4,0,1
BRDA:38,4,1,2
BRDA:45,5,0,0
BRDA:45,5,1,2
BRDA:52,6,0,1
BRDA:52,6,1,1
BRF:16
BRH:15
end_of_record
TN:
SF:models\category.js
FN:3,(anonymous_0)
FN:10,(anonymous_1)
FNF:2
FNH:2
FNDA:5,(anonymous_0)
FNDA:5,(anonymous_1)
DA:2,5
DA:3,5
DA:12,5
DA:15,5
DA:24,5
LF:5
LH:5
BRF:0
BRH:0
end_of_record
TN:
SF:models\index.js
FN:20,(anonymous_0)
FN:23,(anonymous_1)
FN:28,(anonymous_2)
FNF:3
FNH:3
FNDA:30,(anonymous_0)
FNDA:25,(anonymous_1)
FNDA:25,(anonymous_2)
DA:3,5
DA:4,5
DA:5,5
DA:6,5
DA:7,5
DA:8,5
DA:9,5
DA:12,5
DA:13,0
DA:15,5
DA:18,5
DA:21,30
DA:24,25
DA:25,25
DA:28,5
DA:29,25
DA:30,25
DA:34,5
DA:35,5
DA:37,5
LF:20
LH:19
BRDA:7,0,0,5
BRDA:7,0,1,0
BRDA:12,1,0,0
BRDA:12,1,1,5
BRDA:21,2,0,30
BRDA:21,2,1,30
BRDA:21,2,2,25
BRDA:29,3,0,25
BRDA:29,3,1,0
BRF:9
BRH:6
end_of_record
TN:
SF:models\item.js
FN:3,(anonymous_0)
FN:10,(anonymous_1)
FNF:2
FNH:2
FNDA:5,(anonymous_0)
FNDA:5,(anonymous_1)
DA:2,5
DA:3,5
DA:12,5
DA:13,5
DA:16,5
DA:29,5
LF:6
LH:6
BRF:0
BRH:0
end_of_record
TN:
SF:models\order.js
FN:3,(anonymous_0)
FN:10,(anonymous_1)
FNF:2
FNH:2
FNDA:5,(anonymous_0)
FNDA:5,(anonymous_1)
DA:2,5
DA:3,5
DA:12,5
DA:13,5
DA:16,5
DA:27,5
LF:6
LH:6
BRF:0
BRH:0
end_of_record
TN:
SF:models\orderdetail.js
FN:3,(anonymous_0)
FN:10,(anonymous_1)
FNF:2
FNH:2
FNDA:5,(anonymous_0)
FNDA:5,(anonymous_1)
DA:2,5
DA:3,5
DA:12,5
DA:13,5
DA:16,5
DA:30,5
LF:6
LH:6
BRF:0
BRH:0
end_of_record
TN:
SF:models\user.js
FN:4,(anonymous_0)
FN:11,(anonymous_1)
FN:64,(anonymous_2)
FNF:3
FNH:3
FNDA:5,(anonymous_0)
FNDA:5,(anonymous_1)
FNDA:5,(anonymous_2)
DA:2,5
DA:3,5
DA:4,5
DA:13,5
DA:16,5
DA:64,5
DA:65,5
DA:66,5
DA:68,5
LF:9
LH:9
BRF:0
BRH:0
end_of_record
TN:
SF:routes\index.js
FNF:0
FNH:0
DA:2,5
DA:3,5
DA:4,5
DA:5,5
DA:6,5
DA:7,5
DA:8,5
DA:9,5
DA:10,5
DA:12,5
LF:10
LH:10
BRF:0
BRH:0
end_of_record
TN:
SF:routes\orderDetails.js
FNF:0
FNH:0
DA:2,5
DA:3,5
DA:5,5
DA:6,5
DA:7,5
DA:9,5
LF:6
LH:6
BRF:0
BRH:0
end_of_record
TN:
SF:routes\orders.js
FNF:0
FNH:0
DA:2,5
DA:3,5
DA:4,5
DA:5,5
DA:7,5
DA:9,5
DA:10,5
DA:11,5
DA:12,5
DA:13,5
DA:15,5
LF:11
LH:11
BRF:0
BRH:0
end_of_record
TN:
SF:routes\routeItem.js
FNF:0
FNH:0
DA:1,5
DA:2,5
DA:3,5
DA:6,5
DA:9,5
DA:11,5
LF:6
LH:6
BRF:0
BRH:0
end_of_record
TN:
SF:routes\routeUser.js
FNF:0
FNH:0
DA:2,5
DA:3,5
DA:5,5
DA:7,5
DA:9,5
LF:5
LH:5
BRF:0
BRH:0
end_of_record
