TN:
SF:app.js
FNF:0
FNH:0
DA:1,1
DA:2,1
DA:3,1
DA:4,1
DA:5,1
DA:7,1
DA:8,1
DA:9,1
DA:10,1
DA:12,1
DA:14,1
LF:11
LH:11
BRF:0
BRH:0
end_of_record
TN:
SF:config\mongoConnection.js
FN:14,connection
FN:23,getDb
FNF:2
FNH:2
FNDA:1,connection
FNDA:6,getDb
DA:1,1
DA:3,1
DA:5,1
DA:6,0
DA:8,1
DA:11,1
DA:15,1
DA:16,1
DA:17,1
DA:19,0
DA:24,6
DA:27,1
LF:12
LH:10
BRDA:5,0,0,0
BRDA:5,0,1,1
BRF:2
BRH:1
end_of_record
TN:
SF:controllers\coffeeshopsController.js
FN:4,(anonymous_0)
FN:14,(anonymous_1)
FN:23,(anonymous_2)
FN:33,(anonymous_3)
FNF:4
FNH:4
FNDA:5,(anonymous_0)
FNDA:1,(anonymous_1)
FNDA:2,(anonymous_2)
FNDA:2,(anonymous_3)
DA:1,1
DA:5,5
DA:6,5
DA:7,5
DA:8,1
DA:10,4
DA:15,1
DA:16,1
DA:17,1
DA:19,0
DA:24,2
DA:25,2
DA:26,2
DA:27,1
DA:29,1
DA:34,2
DA:35,2
DA:36,2
DA:37,1
DA:39,1
DA:44,1
LF:21
LH:20
BRF:0
BRH:0
end_of_record
TN:
SF:helpers\validator.js
FN:1,(anonymous_0)
FNF:1
FNH:1
FNDA:5,(anonymous_0)
DA:1,1
DA:2,5
DA:3,5
DA:4,2
DA:5,3
DA:6,0
DA:7,3
DA:8,2
DA:9,1
DA:10,0
DA:14,1
LF:11
LH:9
BRDA:3,0,0,2
BRDA:3,0,1,3
BRDA:5,1,0,0
BRDA:5,1,1,3
BRDA:7,2,0,2
BRDA:7,2,1,1
BRDA:9,3,0,0
BRDA:9,3,1,1
BRF:8
BRH:6
end_of_record
TN:
SF:middlewares\errorHandler.js
FN:1,(anonymous_0)
FNF:1
FNH:1
FNDA:6,(anonymous_0)
DA:1,1
DA:2,6
DA:4,2
DA:9,2
DA:11,2
DA:16,2
DA:18,2
DA:23,2
DA:25,0
DA:30,0
DA:34,1
LF:11
LH:9
BRDA:2,0,0,2
BRDA:2,0,1,2
BRDA:2,0,2,2
BRDA:2,0,3,0
BRF:4
BRH:3
end_of_record
TN:
SF:models\coffeeshopModel.js
FN:5,(anonymous_0)
FN:10,(anonymous_1)
FN:26,(anonymous_2)
FN:35,(anonymous_3)
FN:49,(anonymous_4)
FNF:5
FNH:5
FNDA:6,(anonymous_0)
FNDA:5,(anonymous_1)
FNDA:1,(anonymous_2)
FNDA:2,(anonymous_3)
FNDA:2,(anonymous_4)
DA:1,1
DA:2,1
DA:6,6
DA:7,6
DA:11,5
DA:12,5
DA:13,5
DA:14,4
DA:16,1
DA:17,1
DA:22,4
DA:27,1
DA:28,1
DA:29,1
DA:31,0
DA:36,2
DA:37,2
DA:40,2
DA:41,1
DA:43,1
DA:45,1
DA:50,2
DA:51,2
DA:54,2
DA:55,2
DA:56,1
DA:59,1
DA:64,1
LF:28
LH:27
BRDA:13,0,0,4
BRDA:13,0,1,1
BRDA:40,1,0,1
BRDA:40,1,1,1
BRDA:55,2,0,1
BRDA:55,2,1,1
BRF:6
BRH:6
end_of_record
TN:
SF:routes\coffeeshops.js
FNF:0
FNH:0
DA:1,1
DA:2,1
DA:3,1
DA:5,1
DA:6,1
DA:7,1
DA:8,1
DA:10,1
LF:8
LH:8
BRF:0
BRH:0
end_of_record
TN:
SF:routes\index.js
FNF:0
FNH:0
DA:1,1
DA:2,1
DA:3,1
DA:5,1
DA:7,1
LF:5
LH:5
BRF:0
BRH:0
end_of_record
